[00:25:57 DBG] An 'IServiceProvider' was created for internal use by Entity Framework.
[00:25:58 DBG] No relationship from 'UserInvitation' to 'User' has been configured by convention because there are multiple properties on one entity type - {'InvitedBy', 'User'} that could be matched with the properties on the other entity type - {'ReceivedInvitation', 'SentInvitations'}. This message can be disregarded if explicit configuration has been specified in 'OnModelCreating'.
[00:25:58 DBG] No relationship from 'User' to 'UserInvitation' has been configured by convention because there are multiple properties on one entity type - {'ReceivedInvitation', 'SentInvitations'} that could be matched with the properties on the other entity type - {'InvitedBy', 'User'}. This message can be disregarded if explicit configuration has been specified in 'OnModelCreating'.
[00:25:59 DBG] No relationship from 'UserInvitation' to 'User' has been configured by convention because there are multiple properties on one entity type - {'InvitedBy', 'User'} that could be matched with the properties on the other entity type - {'ReceivedInvitation', 'SentInvitations'}. This message can be disregarded if explicit configuration has been specified in 'OnModelCreating'.
[00:25:59 DBG] No relationship from 'User' to 'UserInvitation' has been configured by convention because there are multiple properties on one entity type - {'ReceivedInvitation', 'SentInvitations'} that could be matched with the properties on the other entity type - {'InvitedBy', 'User'}. This message can be disregarded if explicit configuration has been specified in 'OnModelCreating'.
[00:25:59 DBG] The index {'UserId'} was not created on entity type 'UserLab' as the properties are already covered by the index {'UserId', 'LabId'}.
[00:25:59 DBG] The property 'TestResult.ParameterId' was created in shadow state because there are no eligible CLR members with a matching name.
[00:25:59 DBG] The property 'Location.SampleId' was created in shadow state because there are no eligible CLR members with a matching name.
[00:25:59 DBG] The property 'Measurement.TestResultId' was created in shadow state because there are no eligible CLR members with a matching name.
[00:25:59 DBG] Entity Framework Core 10.0.2 initialized 'QuaterLocalContext' using provider 'Microsoft.EntityFrameworkCore.Sqlite:10.0.0' with options: CommandTimeout=30 
[00:26:00 DBG] Creating DbConnection.
[00:26:00 DBG] Created DbConnection. (33ms).
[00:26:00 DBG] Migrating using database 'main' on server 'quater.db'.
[00:26:00 DBG] Creating DbConnection.
[00:26:00 DBG] Created DbConnection. (2ms).
[00:26:00 DBG] Opening connection to database 'main' on server 'quater.db'.
[00:26:00 DBG] Opened connection to database 'main' on server '/home/abdssamie/ChemforgeProjects/Quater/desktop/src/Quater.Desktop/quater.db'.
[00:26:00 DBG] Disposing connection to database 'main' on server 'quater.db'.
[00:26:00 DBG] Disposed connection to database 'main' on server 'quater.db' (3ms).
[00:26:00 DBG] Opening connection to database 'main' on server 'quater.db'.
[00:26:00 DBG] Opened connection to database 'main' on server '/home/abdssamie/ChemforgeProjects/Quater/desktop/src/Quater.Desktop/quater.db'.
[00:26:00 INF] Acquiring an exclusive lock for migration application. See https://aka.ms/efcore-docs-migrations-lock for more information if this takes too long.
[00:26:00 DBG] Creating DbCommand for 'ExecuteScalar'.
[00:26:00 DBG] Created DbCommand for 'ExecuteScalar' (14ms).
[00:26:00 DBG] Initialized DbCommand for 'ExecuteScalar' (24ms).
[00:26:00 DBG] Executing DbCommand [Parameters=[], CommandType='Text', CommandTimeout='30']
SELECT COUNT(*) FROM "sqlite_master" WHERE "name" = '__EFMigrationsLock' AND "type" = 'table';
[00:26:00 INF] Executed DbCommand (42ms) [Parameters=[], CommandType='Text', CommandTimeout='30']
SELECT COUNT(*) FROM "sqlite_master" WHERE "name" = '__EFMigrationsLock' AND "type" = 'table';
[00:26:00 DBG] Creating DbCommand for 'ExecuteScalar'.
[00:26:00 DBG] Created DbCommand for 'ExecuteScalar' (0ms).
[00:26:00 DBG] Initialized DbCommand for 'ExecuteScalar' (0ms).
[00:26:00 DBG] Executing DbCommand [Parameters=[], CommandType='Text', CommandTimeout='30']
INSERT OR IGNORE INTO "__EFMigrationsLock"("Id", "Timestamp") VALUES(1, '2026-02-23 00:26:00.4824379+00:00');
SELECT changes();
[00:26:00 INF] Executed DbCommand (5ms) [Parameters=[], CommandType='Text', CommandTimeout='30']
INSERT OR IGNORE INTO "__EFMigrationsLock"("Id", "Timestamp") VALUES(1, '2026-02-23 00:26:00.4824379+00:00');
SELECT changes();
[00:26:00 DBG] Beginning transaction with isolation level 'Unspecified'.
[00:26:00 DBG] Began transaction with isolation level 'Serializable'.
[00:26:00 DBG] Creating DbCommand for 'ExecuteNonQuery'.
[00:26:00 DBG] Created DbCommand for 'ExecuteNonQuery' (0ms).
[00:26:00 DBG] Initialized DbCommand for 'ExecuteNonQuery' (0ms).
[00:26:00 DBG] Executing DbCommand [Parameters=[], CommandType='Text', CommandTimeout='30']
CREATE TABLE IF NOT EXISTS "__EFMigrationsHistory" (
    "MigrationId" TEXT NOT NULL CONSTRAINT "PK___EFMigrationsHistory" PRIMARY KEY,
    "ProductVersion" TEXT NOT NULL
);
[00:26:00 INF] Executed DbCommand (1ms) [Parameters=[], CommandType='Text', CommandTimeout='30']
CREATE TABLE IF NOT EXISTS "__EFMigrationsHistory" (
    "MigrationId" TEXT NOT NULL CONSTRAINT "PK___EFMigrationsHistory" PRIMARY KEY,
    "ProductVersion" TEXT NOT NULL
);
[00:26:00 DBG] Committing transaction.
[00:26:00 DBG] Committed transaction.
[00:26:00 DBG] Disposing transaction.
[00:26:00 DBG] Beginning transaction with isolation level 'Unspecified'.
[00:26:00 DBG] Began transaction with isolation level 'Serializable'.
[00:26:00 DBG] Creating DbConnection.
[00:26:00 DBG] Created DbConnection. (0ms).
[00:26:00 DBG] Opening connection to database 'main' on server 'quater.db'.
[00:26:00 DBG] Opened connection to database 'main' on server '/home/abdssamie/ChemforgeProjects/Quater/desktop/src/Quater.Desktop/quater.db'.
[00:26:00 DBG] Disposing connection to database 'main' on server 'quater.db'.
[00:26:00 DBG] Disposed connection to database 'main' on server 'quater.db' (0ms).
[00:26:00 DBG] Creating DbCommand for 'ExecuteScalar'.
[00:26:00 DBG] Created DbCommand for 'ExecuteScalar' (0ms).
[00:26:00 DBG] Initialized DbCommand for 'ExecuteScalar' (0ms).
[00:26:00 DBG] Executing DbCommand [Parameters=[], CommandType='Text', CommandTimeout='30']
SELECT COUNT(*) FROM "sqlite_master" WHERE "name" = '__EFMigrationsHistory' AND "type" = 'table';
[00:26:00 INF] Executed DbCommand (0ms) [Parameters=[], CommandType='Text', CommandTimeout='30']
SELECT COUNT(*) FROM "sqlite_master" WHERE "name" = '__EFMigrationsHistory' AND "type" = 'table';
[00:26:00 DBG] Creating DbCommand for 'ExecuteReader'.
[00:26:00 DBG] Created DbCommand for 'ExecuteReader' (0ms).
[00:26:00 DBG] Initialized DbCommand for 'ExecuteReader' (0ms).
[00:26:00 DBG] Executing DbCommand [Parameters=[], CommandType='Text', CommandTimeout='30']
SELECT "MigrationId", "ProductVersion"
FROM "__EFMigrationsHistory"
ORDER BY "MigrationId";
[00:26:00 INF] Executed DbCommand (1ms) [Parameters=[], CommandType='Text', CommandTimeout='30']
SELECT "MigrationId", "ProductVersion"
FROM "__EFMigrationsHistory"
ORDER BY "MigrationId";
[00:26:00 DBG] Closing data reader to 'main' on server '/home/abdssamie/ChemforgeProjects/Quater/desktop/src/Quater.Desktop/quater.db'.
[00:26:00 DBG] A data reader for 'main' on server '/home/abdssamie/ChemforgeProjects/Quater/desktop/src/Quater.Desktop/quater.db' is being disposed after spending 5ms reading results.
[00:26:00 INF] No migrations were applied. The database is already up to date.
[00:26:00 DBG] Committing transaction.
[00:26:00 DBG] Committed transaction.
[00:26:00 DBG] Creating DbCommand for 'ExecuteScalar'.
[00:26:00 DBG] Created DbCommand for 'ExecuteScalar' (0ms).
[00:26:00 DBG] Initialized DbCommand for 'ExecuteScalar' (0ms).
[00:26:00 DBG] Executing DbCommand [Parameters=[], CommandType='Text', CommandTimeout='30']
DELETE FROM "__EFMigrationsLock";
[00:26:00 INF] Executed DbCommand (2ms) [Parameters=[], CommandType='Text', CommandTimeout='30']
DELETE FROM "__EFMigrationsLock";
[00:26:00 DBG] Disposing transaction.
[00:26:00 DBG] Closing connection to database 'main' on server '/home/abdssamie/ChemforgeProjects/Quater/desktop/src/Quater.Desktop/quater.db'.
[00:26:00 DBG] Closed connection to database 'main' on server 'quater.db' (10ms).
[00:26:00 DBG] 'QuaterLocalContext' disposed.
[00:26:00 DBG] Disposing connection to database 'main' on server 'quater.db'.
[00:26:00 DBG] Disposed connection to database 'main' on server 'quater.db' (0ms).
